#
# There is insufficient memory for the Java Runtime Environment to continue.
# Native memory allocation (mmap) failed to map 132120576 bytes for G1 virtual space
# Possible reasons:
#   The system is out of physical RAM or swap space
#   The process is running with CompressedOops enabled, and the Java Heap may be blocking the growth of the native heap
# Possible solutions:
#   Reduce memory load on the system
#   Increase physical memory or swap space
#   Check if swap backing store is full
#   Decrease Java heap size (-Xmx/-Xms)
#   Decrease number of Java threads
#   Decrease Java thread stack sizes (-Xss)
#   Set larger code cache with -XX:ReservedCodeCacheSize=
#   JVM is running with Unscaled Compressed Oops mode in which the Java heap is
#     placed in the first 4GB address space. The Java Heap base address is the
#     maximum limit for the native heap growth. Please use -XX:HeapBaseMinAddress
#     to set the Java Heap base and to place the Java Heap above 4GB virtual address.
# This output file may be truncated or incomplete.
#
#  Out of Memory Error (os_windows.cpp:3552), pid=14072, tid=10048
#
# JRE version:  (17.0.9+11) (build )
# Java VM: Java HotSpot(TM) 64-Bit Server VM (17.0.9+11-LTS-201, mixed mode, sharing, tiered, compressed oops, compressed class ptrs, g1 gc, windows-amd64)
# No core dump will be written. Minidumps are not enabled by default on client versions of Windows
#

---------------  S U M M A R Y ------------

Command Line: -Dfile.encoding=windows-1252 -Duser.country=BR -Duser.language=pt -Duser.variant dio.desafio.DesafioBootcampSantanderApplication

Host: Intel(R) Core(TM) i5-8265U CPU @ 1.60GHz, 8 cores, 7G,  Windows 10 , 64 bit Build 19041 (10.0.19041.3636)
Time: Sun Nov 26 12:22:35 2023 Hora Padrão de Buenos Aires elapsed time: 0.157323 seconds (0d 0h 0m 0s)

---------------  T H R E A D  ---------------

Current thread (0x000002a868131c90):  JavaThread "Unknown thread" [_thread_in_vm, id=10048, stack(0x000000fcd7200000,0x000000fcd7300000)]

Stack: [0x000000fcd7200000,0x000000fcd7300000]
Native frames: (J=compiled Java code, j=interpreted, Vv=VM code, C=native code)
V  [jvm.dll+0x678a4a]
V  [jvm.dll+0x7d9cfd]
V  [jvm.dll+0x7db60e]
V  [jvm.dll+0x7dbc73]
V  [jvm.dll+0x245e1f]
V  [jvm.dll+0x6758f9]
V  [jvm.dll+0x66a2a2]
V  [jvm.dll+0x303686]
V  [jvm.dll+0x30ac06]
V  [jvm.dll+0x35a48e]
V  [jvm.dll+0x35a6bf]
V  [jvm.dll+0x2da678]
V  [jvm.dll+0x2db5e4]
V  [jvm.dll+0x7ab6b1]
V  [jvm.dll+0x368041]
V  [jvm.dll+0x78a749]
V  [jvm.dll+0x3ebd4f]
V  [jvm.dll+0x3ed7d1]
C  [jli.dll+0x5297]
C  [ucrtbase.dll+0x21bb2]
C  [KERNEL32.DLL+0x17344]
C  [ntdll.dll+0x526b1]


---------------  P R O C E S S  ---------------

Threads class SMR info:
_java_thread_list=0x00007ff9400289d8, length=0, elements={
}

Java Threads: ( => current thread )

Other Threads:
  0x000002a86818cfe0 GCTaskThread "GC Thread#0" [stack: 0x000000fcd7300000,0x000000fcd7400000] [id=10184]
  0x000002a86819dab0 ConcurrentGCThread "G1 Main Marker" [stack: 0x000000fcd7400000,0x000000fcd7500000] [id=7028]
  0x000002a86819e4c0 ConcurrentGCThread "G1 Conc#0" [stack: 0x000000fcd7500000,0x000000fcd7600000] [id=14960]

[error occurred during error reporting (printing all threads), id 0xc0000005, EXCEPTION_ACCESS_VIOLATION (0xc0000005) at pc=0x00007ff93f85b2d7]

VM state: not at safepoint (not fully initialized)

VM Mutex/Monitor currently owned by a thread:  ([mutex/lock_event])
[0x000002a86812d430] Heap_lock - owner thread: 0x000002a868131c90

Heap address: 0x0000000082400000, size: 2012 MB, Compressed Oops mode: 32-bit

CDS archive(s) mapped at: [0x0000000000000000-0x0000000000000000-0x0000000000000000), size 0, SharedBaseAddress: 0x0000000800000000, ArchiveRelocationMode: 1.
Narrow klass base: 0x0000000000000000, Narrow klass shift: 0, Narrow klass range: 0x0

GC Precious Log:
<Empty>

Heap:
 garbage-first heap   total 0K, used 0K [0x0000000082400000, 0x0000000100000000)
  region size 1024K, 0 young (0K), 0 survivors (0K)

[error occurred during error reporting (printing heap information), id 0xc0000005, EXCEPTION_ACCESS_VIOLATION (0xc0000005) at pc=0x00007ff93fc42229]

GC Heap History (0 events):
No events

Deoptimization events (0 events):
No events

Classes unloaded (0 events):
No events

Classes redefined (0 events):
No events

Internal exceptions (0 events):
No events

VM Operations (0 events):
No events

Events (1 events):
Event: 0.005 Loaded shared library C:\Program Files\Java\jdk-17.0.9\bin\java.dll


Dynamic libraries:
0x00007ff7ddee0000 - 0x00007ff7ddef0000 	C:\Program Files\Java\jdk-17.0.9\bin\java.exe
0x00007ff9b10b0000 - 0x00007ff9b12a8000 	C:\WINDOWS\SYSTEM32\ntdll.dll
0x00007ff9af2e0000 - 0x00007ff9af39d000 	C:\WINDOWS\System32\KERNEL32.DLL
0x00007ff9ae790000 - 0x00007ff9aea86000 	C:\WINDOWS\System32\KERNELBASE.dll
0x00007ff9aecd0000 - 0x00007ff9aedd0000 	C:\WINDOWS\System32\ucrtbase.dll
0x00007ff9976d0000 - 0x00007ff9976eb000 	C:\Program Files\Java\jdk-17.0.9\bin\VCRUNTIME140.dll
0x00007ff998480000 - 0x00007ff998499000 	C:\Program Files\Java\jdk-17.0.9\bin\jli.dll
0x00007ff9b03a0000 - 0x00007ff9b044f000 	C:\WINDOWS\System32\ADVAPI32.dll
0x00007ff9b0fd0000 - 0x00007ff9b106e000 	C:\WINDOWS\System32\msvcrt.dll
0x00007ff9b09b0000 - 0x00007ff9b0a4c000 	C:\WINDOWS\System32\sechost.dll
0x00007ff9af690000 - 0x00007ff9af7b6000 	C:\WINDOWS\System32\RPCRT4.dll
0x00007ff9b04b0000 - 0x00007ff9b064e000 	C:\WINDOWS\System32\USER32.dll
0x00007ff9a7950000 - 0x00007ff9a7bea000 	C:\WINDOWS\WinSxS\amd64_microsoft.windows.common-controls_6595b64144ccf1df_6.0.19041.3636_none_60b6a03d71f818d5\COMCTL32.dll
0x00007ff9aeed0000 - 0x00007ff9aeef2000 	C:\WINDOWS\System32\win32u.dll
0x00007ff9af5c0000 - 0x00007ff9af5ec000 	C:\WINDOWS\System32\GDI32.dll
0x00007ff9aea90000 - 0x00007ff9aebaa000 	C:\WINDOWS\System32\gdi32full.dll
0x00007ff9aec30000 - 0x00007ff9aeccd000 	C:\WINDOWS\System32\msvcp_win.dll
0x00007ff9a7fe0000 - 0x00007ff9a7fea000 	C:\WINDOWS\SYSTEM32\VERSION.dll
0x00007ff9b0370000 - 0x00007ff9b03a0000 	C:\WINDOWS\System32\IMM32.DLL
0x00007ff9a3bc0000 - 0x00007ff9a3bcc000 	C:\Program Files\Java\jdk-17.0.9\bin\vcruntime140_1.dll
0x00007ff995a00000 - 0x00007ff995a8e000 	C:\Program Files\Java\jdk-17.0.9\bin\msvcp140.dll
0x00007ff93f570000 - 0x00007ff940151000 	C:\Program Files\Java\jdk-17.0.9\bin\server\jvm.dll
0x00007ff9af5f0000 - 0x00007ff9af5f8000 	C:\WINDOWS\System32\PSAPI.DLL
0x00007ff9abdb0000 - 0x00007ff9abdd7000 	C:\WINDOWS\SYSTEM32\WINMM.dll
0x00007ff9abde0000 - 0x00007ff9abde9000 	C:\WINDOWS\SYSTEM32\WSOCK32.dll
0x00007ff9af870000 - 0x00007ff9af8db000 	C:\WINDOWS\System32\WS2_32.dll
0x00007ff9ac570000 - 0x00007ff9ac582000 	C:\WINDOWS\SYSTEM32\kernel.appcore.dll
0x00007ff99b740000 - 0x00007ff99b74a000 	C:\Program Files\Java\jdk-17.0.9\bin\jimage.dll
0x00007ff99f950000 - 0x00007ff99fb34000 	C:\WINDOWS\SYSTEM32\DBGHELP.DLL
0x00007ff995420000 - 0x00007ff995454000 	C:\WINDOWS\SYSTEM32\dbgcore.DLL
0x00007ff9aee40000 - 0x00007ff9aeec2000 	C:\WINDOWS\System32\bcryptPrimitives.dll
0x00007ff997410000 - 0x00007ff997435000 	C:\Program Files\Java\jdk-17.0.9\bin\java.dll

dbghelp: loaded successfully - version: 4.0.5 - missing functions: none
symbol engine: initialized successfully - sym options: 0x614 - pdb path: .;C:\Program Files\Java\jdk-17.0.9\bin;C:\WINDOWS\SYSTEM32;C:\WINDOWS\WinSxS\amd64_microsoft.windows.common-controls_6595b64144ccf1df_6.0.19041.3636_none_60b6a03d71f818d5;C:\Program Files\Java\jdk-17.0.9\bin\server

VM Arguments:
jvm_args: -Dfile.encoding=windows-1252 -Duser.country=BR -Duser.language=pt -Duser.variant 
java_command: dio.desafio.DesafioBootcampSantanderApplication
java_class_path (initial): C:\Users\jarde\Desktop\DIO\desafio\build\classes\java\main;C:\Users\jarde\Desktop\DIO\desafio\build\resources\main;C:\Users\jarde\.gradle\caches\modules-2\files-2.1\org.springframework.boot\spring-boot-starter-data-jpa\3.2.0\6a8ad077a37f8a0cef6949dcfd91a9b2115cade\spring-boot-starter-data-jpa-3.2.0.jar;C:\Users\jarde\.gradle\caches\modules-2\files-2.1\org.springframework.boot\spring-boot-starter-web\3.2.0\e609f839e7c2ff9c90bc75d7c05dbcbb19315319\spring-boot-starter-web-3.2.0.jar;C:\Users\jarde\.gradle\caches\modules-2\files-2.1\org.springdoc\springdoc-openapi-starter-webmvc-ui\2.1.0\f31615e90b61d18a46a701d5c10e9e505a49a984\springdoc-openapi-starter-webmvc-ui-2.1.0.jar;C:\Users\jarde\.gradle\caches\modules-2\files-2.1\com.h2database\h2\2.2.224\7bdade27d8cd197d9b5ce9dc251f41d2edc5f7ad\h2-2.2.224.jar;C:\Users\jarde\.gradle\caches\modules-2\files-2.1\org.postgresql\postgresql\42.6.0\7614cfce466145b84972781ab0079b8dea49e363\postgresql-42.6.0.jar;C:\Users\jarde\.gradle\caches\modules-2\files-2.1\org.springframework.boot\spring-boot-starter-aop\3.2.0\1c4e5498a0ae4c179d0c192e9b674ac656f3e0b9\spring-boot-starter-aop-3.2.0.jar;C:\Users\jarde\.gradle\caches\modules-2\files-2.1\org.springframework.boot\spring-boot-starter-jdbc\3.2.0\1ab4ef09c814142be2fafc6d40c9bc242921ca12\spring-boot-starter-jdbc-3.2.0.jar;C:\Users\jarde\.gradle\caches\modules-2\files-2.1\org.hibernate.orm\hibernate-core\6.3.1.Final\1101d7e09e4853a110fd27a6f35c906f5709ac4f\hibernate-core-6.3.1.Final.jar;C:\Users\jarde\.gradle\caches\modules-2\files-2.1\org.springframework.data\spring-data-jpa\3.2.0\59e49a0eca3d02c3dc593e7a881c19b932641894\spring-data-jpa-3.2.0.jar;C:\Users\jarde\.gradle\caches\modules-2\files-2.1\org.springframework\spring-aspects\6.1.1\bfcb6682e205b4ef6ae7986ac7ea35eae29f31f4\spring-aspects-6.1.1.jar;C:\Users\jarde\.gradle\caches\modules-2\files-2.1\org.springframework.boot\spring-boot-starter-json\3.2.0\e831483c03433b987cc9c72f8ea67757f9865191\spring-boot-starter
Launcher Type: SUN_STANDARD

[Global flags]
     intx CICompilerCount                          = 4                                         {product} {ergonomic}
     uint ConcGCThreads                            = 2                                         {product} {ergonomic}
     uint G1ConcRefinementThreads                  = 8                                         {product} {ergonomic}
   size_t G1HeapRegionSize                         = 1048576                                   {product} {ergonomic}
    uintx GCDrainStackTargetSize                   = 64                                        {product} {ergonomic}
   size_t InitialHeapSize                          = 132120576                                 {product} {ergonomic}
   size_t MarkStackSize                            = 4194304                                   {product} {ergonomic}
   size_t MaxHeapSize                              = 2109734912                                {product} {ergonomic}
   size_t MinHeapDeltaBytes                        = 1048576                                   {product} {ergonomic}
   size_t MinHeapSize                              = 8388608                                   {product} {ergonomic}
    uintx NonNMethodCodeHeapSize                   = 5839372                                {pd product} {ergonomic}
    uintx NonProfiledCodeHeapSize                  = 122909434                              {pd product} {ergonomic}
    uintx ProfiledCodeHeapSize                     = 122909434                              {pd product} {ergonomic}
    uintx ReservedCodeCacheSize                    = 251658240                              {pd product} {ergonomic}
     bool SegmentedCodeCache                       = true                                      {product} {ergonomic}
   size_t SoftMaxHeapSize                          = 2109734912                             {manageable} {ergonomic}
     bool UseCompressedClassPointers               = true                           {product lp64_product} {ergonomic}
     bool UseCompressedOops                        = true                           {product lp64_product} {ergonomic}
     bool UseG1GC                                  = true                                      {product} {ergonomic}
     bool UseLargePagesIndividualAllocation        = false                                  {pd product} {ergonomic}

Logging:
Log output configuration:
 #0: stdout all=warning uptime,level,tags
 #1: stderr all=off uptime,level,tags

Environment Variables:
JAVA_HOME=C:\Program Files\Java\jdk-17.0.9
CLASSPATH=.;C:\Program Files\Java\jdk-17.0.9\lib;
PATH=C:\Program Files\Java\jdk-17.0.9\bin;C:\Program Files\Java\jdk1.16.0.1\bin;C:\Program Files\Common Files\Oracle\Java\javapath;C:\Program Files\Microsoft SQL Server\130\Tools\Binn\;C:\Program Files (x86)\dotnet\;C:\Program Files\Java\jdk-11.0.10\bin;C:\Program Files\dotnet\;C:\Program Files\Java\jdk-17.0.9\bin;C:\Program Files\Git\cmd;C:\Program Files\Maven\apache-maven-3.9.5\bin;C:\Users\jarde\AppData\Local\Microsoft\WindowsApps;C:\Users\jarde\.dotnet\tools
USERNAME=jarde
OS=Windows_NT
PROCESSOR_IDENTIFIER=Intel64 Family 6 Model 142 Stepping 12, GenuineIntel



---------------  S Y S T E M  ---------------

OS:
 Windows 10 , 64 bit Build 19041 (10.0.19041.3636)
OS uptime: 3 days 2:20 hours

CPU: total 8 (initial active 8) (4 cores per cpu, 2 threads per core) family 6 model 142 stepping 12 microcode 0xb8, cx8, cmov, fxsr, ht, mmx, 3dnowpref, sse, sse2, sse3, ssse3, sse4.1, sse4.2, popcnt, lzcnt, tsc, tscinvbit, avx, avx2, aes, erms, clmul, bmi1, bmi2, adx, fma, vzeroupper, clflush, clflushopt

Memory: 4k page, system-wide physical 8040M (894M free)
TotalPageFile size 10487M (AvailPageFile size 99M)
current process WorkingSet (physical memory assigned to process): 10M, peak: 10M
current process commit charge ("private bytes"): 60M, peak: 186M

vm_info: Java HotSpot(TM) 64-Bit Server VM (17.0.9+11-LTS-201) for windows-amd64 JRE (17.0.9+11-LTS-201), built on Oct 10 2023 23:16:06 by "mach5one" with MS VC++ 17.1 (VS2022)

END.
